2025-03-11 16:24:58,047 - training - INFO - Starting XAI model training pipeline
2025-03-11 16:24:58,048 - training - INFO - Starting preprocessing for task: mortality
2025-03-11 16:24:58,049 - preprocessing - INFO - Memory usage: 417.32 MB
2025-03-11 16:24:58,050 - preprocessing - INFO - Starting preprocessing for task: mortality
2025-03-11 16:24:58,050 - preprocessing - INFO - Loading data with 40.0% sampling
2025-03-11 16:24:58,050 - preprocessing - INFO - Loading ADMISSIONS.csv
2025-03-11 16:24:59,168 - preprocessing - INFO - Loading PATIENTS.csv
2025-03-11 16:24:59,362 - preprocessing - INFO - Merging ADMISSIONS and PATIENTS
2025-03-11 16:25:04,460 - preprocessing - INFO - Original samples: 58976, Sampled: 23591
2025-03-11 16:25:04,460 - preprocessing - INFO - Original mortality rate: 0.099
2025-03-11 16:25:04,460 - preprocessing - INFO - Sampled mortality rate: 0.099
2025-03-11 16:25:04,460 - preprocessing - INFO - Loading LABEVENTS.csv in chunks
2025-03-11 16:25:12,508 - preprocessing - INFO - Processed 0 chunks, current total rows: 3085311
2025-03-11 16:25:12,509 - preprocessing - INFO - Memory usage: 747.02 MB
2025-03-11 16:25:24,317 - preprocessing - INFO - Finished loading LABEVENTS.csv. Final shape: (8934476, 4)
2025-03-11 16:25:26,036 - preprocessing - INFO - Loading CHARTEVENTS.csv in chunks
2025-03-11 16:25:34,737 - preprocessing - INFO - Processed 0 chunks, current total rows: 3974106
2025-03-11 16:25:34,738 - preprocessing - INFO - Memory usage: 971.07 MB
2025-03-11 16:26:54,963 - preprocessing - INFO - Processed 10 chunks, current total rows: 43763635
2025-03-11 16:26:54,963 - preprocessing - INFO - Memory usage: 1848.54 MB
2025-03-11 16:28:13,711 - preprocessing - INFO - Processed 20 chunks, current total rows: 83619008
2025-03-11 16:28:13,711 - preprocessing - INFO - Memory usage: 2653.55 MB
2025-03-11 16:29:36,351 - preprocessing - INFO - Processed 30 chunks, current total rows: 123597171
2025-03-11 16:29:36,352 - preprocessing - INFO - Memory usage: 3562.41 MB
2025-03-11 16:29:55,074 - preprocessing - INFO - Finished loading CHARTEVENTS.csv. Final shape: (132001086, 4)
2025-03-11 16:30:05,423 - preprocessing - INFO - Loading PROCEDURES_ICD.csv in chunks
2025-03-11 16:30:06,173 - preprocessing - INFO - Processed 0 chunks, current total rows: 96123
2025-03-11 16:30:06,174 - preprocessing - INFO - Memory usage: 3192.70 MB
2025-03-11 16:30:06,355 - preprocessing - INFO - Finished loading PROCEDURES_ICD.csv. Final shape: (96123, 5)
2025-03-11 16:30:07,058 - preprocessing - INFO - Loading DIAGNOSES_ICD.csv in chunks
2025-03-11 16:30:07,663 - preprocessing - INFO - Processed 0 chunks, current total rows: 260090
2025-03-11 16:30:07,663 - preprocessing - INFO - Memory usage: 3192.76 MB
2025-03-11 16:30:07,793 - preprocessing - INFO - Finished loading DIAGNOSES_ICD.csv. Final shape: (260090, 5)
2025-03-11 16:30:07,976 - preprocessing - INFO - Loading PRESCRIPTIONS.csv in chunks
2025-03-11 16:30:18,548 - preprocessing - INFO - Processed 0 chunks, current total rows: 1673494
2025-03-11 16:30:18,549 - preprocessing - INFO - Memory usage: 3821.27 MB
2025-03-11 16:30:18,846 - preprocessing - INFO - Finished loading PRESCRIPTIONS.csv. Final shape: (1673494, 19)
2025-03-11 16:30:21,234 - preprocessing - INFO - Data loading completed successfully
2025-03-11 16:30:21,244 - preprocessing - INFO - Extracting features
2025-03-11 16:30:21,244 - preprocessing - INFO - Converting ADMITTIME to datetime
2025-03-11 16:30:21,319 - preprocessing - INFO - Converting DISCHTIME to datetime
2025-03-11 16:30:21,350 - preprocessing - INFO - Converting DOB to datetime
2025-03-11 16:30:24,187 - preprocessing - INFO - Processing lab features
2025-03-11 16:30:27,381 - preprocessing - INFO - Processing vital signs
2025-03-11 16:30:28,889 - preprocessing - INFO - Processing procedures
2025-03-11 16:30:28,889 - preprocessing - INFO - Converting ICD9_CODE to string type
2025-03-11 16:30:31,337 - preprocessing - INFO - Processing diagnoses
2025-03-11 16:30:31,337 - preprocessing - INFO - Converting diagnoses ICD9_CODE to string type
2025-03-11 16:30:32,329 - preprocessing - INFO - Feature extraction completed. Shape: (23591, 38)
2025-03-11 16:30:32,687 - preprocessing - INFO - Memory usage: 1020.13 MB
2025-03-11 16:30:32,688 - training - INFO - Validating data splits...
2025-03-11 16:30:32,688 - training - INFO - Training set shape: (18872, 32)
2025-03-11 16:30:32,688 - training - INFO - Test set shape: (4719, 32)
2025-03-11 16:30:32,690 - training - INFO - 
Class distribution:
2025-03-11 16:30:32,693 - training - INFO - Training set:
MORTALITY
0.0    0.900699
1.0    0.099301
Name: proportion, dtype: float64
2025-03-11 16:30:32,694 - training - INFO - Test set:
MORTALITY
0.0    0.900826
1.0    0.099174
Name: proportion, dtype: float64
2025-03-11 16:30:32,700 - training - INFO - Finding best hyperparameters...
2025-03-11 16:30:32,700 - xai_model - INFO - Initializing XAI Model...
2025-03-11 16:30:32,700 - xai_model - INFO - Validating features...
2025-03-11 16:30:32,700 - xai_model - INFO - Validated 32 features
2025-03-11 16:30:47,349 - xai_model - INFO - Model initialized with:
2025-03-11 16:30:47,349 - xai_model - INFO - - Input dimensions: 32
2025-03-11 16:30:47,349 - xai_model - INFO - - Hidden units: 128
2025-03-11 16:30:47,350 - xai_model - INFO - - Dropout rate: 0.3
2025-03-11 16:30:47,350 - xai_model - INFO - - Learning rate: 0.001
2025-03-11 16:30:47,350 - xai_model - INFO - Starting model training...
2025-03-11 16:30:47,612 - xai_model - INFO - Class distribution: {0.0: 16998, 1.0: 1874}
2025-03-11 16:30:47,612 - xai_model - INFO - Class weights: {0: 0.5551241, 1: 5.0352187}
2025-03-11 16:31:41,537 - xai_model - INFO - Model training completed
2025-03-11 16:31:41,538 - training - INFO - Parameters: {'units': 128, 'dropout': 0.3, 'learning_rate': 0.001}, Validation AUC: 0.839
2025-03-11 16:31:41,538 - xai_model - INFO - Initializing XAI Model...
2025-03-11 16:31:41,539 - xai_model - INFO - Validating features...
2025-03-11 16:31:41,539 - xai_model - INFO - Validated 32 features
2025-03-11 16:31:41,713 - xai_model - INFO - Model initialized with:
2025-03-11 16:31:41,713 - xai_model - INFO - - Input dimensions: 32
2025-03-11 16:31:41,713 - xai_model - INFO - - Hidden units: 64
2025-03-11 16:31:41,713 - xai_model - INFO - - Dropout rate: 0.2
2025-03-11 16:31:41,713 - xai_model - INFO - - Learning rate: 0.001
2025-03-11 16:31:41,714 - xai_model - INFO - Starting model training...
2025-03-11 16:31:41,717 - xai_model - INFO - Class distribution: {0.0: 16998, 1.0: 1874}
2025-03-11 16:31:41,718 - xai_model - INFO - Class weights: {0: 0.5551241, 1: 5.0352187}
2025-03-11 16:32:13,434 - xai_model - INFO - Model training completed
2025-03-11 16:32:13,435 - training - INFO - Parameters: {'units': 64, 'dropout': 0.2, 'learning_rate': 0.001}, Validation AUC: 0.840
2025-03-11 16:32:13,435 - training - INFO - Best parameters found: {'units': 64, 'dropout': 0.2, 'learning_rate': 0.001}
2025-03-11 16:32:13,435 - training - INFO - Initializing model with best parameters
2025-03-11 16:32:13,435 - xai_model - INFO - Initializing XAI Model...
2025-03-11 16:32:13,435 - xai_model - INFO - Validating features...
2025-03-11 16:32:13,436 - xai_model - INFO - Validated 32 features
2025-03-11 16:32:13,600 - xai_model - INFO - Model initialized with:
2025-03-11 16:32:13,600 - xai_model - INFO - - Input dimensions: 32
2025-03-11 16:32:13,600 - xai_model - INFO - - Hidden units: 64
2025-03-11 16:32:13,600 - xai_model - INFO - - Dropout rate: 0.2
2025-03-11 16:32:13,601 - xai_model - INFO - - Learning rate: 0.001
2025-03-11 16:32:13,601 - training - INFO - Starting model training
2025-03-11 16:32:13,601 - xai_model - INFO - Starting model training...
2025-03-11 16:32:13,605 - xai_model - INFO - Class distribution: {0.0: 16998, 1.0: 1874}
2025-03-11 16:32:13,605 - xai_model - INFO - Class weights: {0: 0.5551241, 1: 5.0352187}
2025-03-11 16:33:15,187 - xai_model - INFO - Model training completed
2025-03-11 16:33:15,188 - training - INFO - Evaluating model
2025-03-11 16:33:15,188 - xai_model - INFO - Evaluating model performance...
2025-03-11 16:33:15,820 - xai_model - INFO - 
Classification Report:
2025-03-11 16:33:16,149 - xai_model - INFO - 
              precision    recall  f1-score   support

         0.0       0.93      0.97      0.95      4251
         1.0       0.56      0.33      0.42       468

    accuracy                           0.91      4719
   macro avg       0.75      0.65      0.68      4719
weighted avg       0.89      0.91      0.90      4719

2025-03-11 16:33:16,149 - xai_model - INFO - 
Confusion Matrix:
2025-03-11 16:33:17,518 - xai_model - INFO - 
[[4131  120]
 [ 313  155]]
2025-03-11 16:33:20,943 - xai_model - INFO - 
ROC-AUC Score: 0.858
2025-03-11 16:33:20,944 - training - INFO - Initializing explainers
2025-03-11 16:33:20,944 - xai_model - INFO - Initializing explainers...
2025-03-11 16:33:21,336 - xai_model - INFO - Explainers initialized successfully
2025-03-11 16:33:21,336 - training - INFO - Plotting training history
2025-03-11 16:33:21,337 - visualization - INFO - Plotting training history...
2025-03-11 16:33:31,975 - training - INFO - Plotting confusion matrix
2025-03-11 16:33:31,975 - visualization - INFO - Plotting confusion matrix...
2025-03-11 16:33:32,780 - training - INFO - Generating explanations for 3 samples
2025-03-11 16:33:32,782 - training - INFO - 
Explaining instance 2670
2025-03-11 16:33:32,782 - training - INFO - True label: Not Deceased
2025-03-11 16:33:32,838 - training - INFO - Predicted probability of mortality: 0.014
2025-03-11 16:33:32,839 - training - INFO - Predicted class: Not Deceased
2025-03-11 16:33:32,839 - xai_model - INFO - Generating both explanation...
2025-03-11 16:33:40,165 - shap - INFO - num_full_subsets = 1
2025-03-11 16:33:40,166 - shap - INFO - remaining_weight_vector = array([0.17443519, 0.12030013, 0.09344742, 0.07752675, 0.06709046,
       0.05980635, 0.054511  , 0.05056092, 0.04757323, 0.04530784,
       0.0436088 , 0.04237292, 0.04153219, 0.04104357, 0.04088325])
2025-03-11 16:33:40,166 - shap - INFO - num_paired_subset_sizes = 15
2025-03-11 16:33:40,229 - shap - INFO - weight_left = 0.74368134682094
2025-03-11 16:33:46,252 - shap - INFO - np.sum(w_aug) = 31.999999999999996
2025-03-11 16:33:46,252 - shap - INFO - np.sum(self.kernelWeights) = 1.0
2025-03-11 16:33:49,179 - shap - INFO - phi = array([ 0.02215335, -0.01234292,  0.00238112,  0.        , -0.00132165,
        0.00064276,  0.00370605,  0.01526867, -0.00289803,  0.024355  ,
        0.00905484,  0.        ,  0.00042972,  0.00081562,  0.00015987,
        0.        ,  0.00251174,  0.01125511,  0.02733133, -0.00268516,
        0.00577713, -0.00113377, -0.00042801, -0.00113946, -0.00018408,
        0.0006618 , -0.00041636,  0.00056832,  0.02049171, -0.00092325,
        0.        , -0.00128925])
2025-03-11 16:33:49,181 - shap - INFO - np.sum(w_aug) = 31.999999999999996
2025-03-11 16:33:49,181 - shap - INFO - np.sum(self.kernelWeights) = 1.0
2025-03-11 16:33:49,218 - shap - INFO - phi = array([-0.02215335,  0.01234292, -0.00238112,  0.        ,  0.00132165,
       -0.00064276, -0.00370605, -0.01526867,  0.00289803, -0.024355  ,
       -0.00905484,  0.        , -0.00042972, -0.00081562, -0.00015987,
        0.        , -0.00251174, -0.01125511, -0.02733133,  0.00268516,
       -0.00577713,  0.00113377,  0.00042801,  0.00113946,  0.00018408,
       -0.0006618 ,  0.00041636, -0.00056832, -0.02049171,  0.00092325,
        0.        ,  0.00128925])
2025-03-11 16:33:49,219 - xai_model - INFO - Raw SHAP values type: <class 'list'>
2025-03-11 16:33:49,219 - xai_model - INFO - Raw expected_value type: <class 'numpy.ndarray'>
2025-03-11 16:33:49,220 - xai_model - INFO - Processed values shape: (1, 32)
2025-03-11 16:33:49,220 - xai_model - INFO - Number of features: 32
2025-03-11 16:33:49,220 - xai_model - INFO - Final expected_value: 0.1368855857802555
2025-03-11 16:33:49,220 - visualization - INFO - Visualizing LIME explanation...
2025-03-11 16:33:50,297 - visualization - INFO - Visualizing SHAP values...
2025-03-11 16:33:50,297 - visualization - INFO - Values shape: (1, 32)
2025-03-11 16:33:50,298 - visualization - INFO - Number of features: 32
2025-03-11 16:33:50,298 - visualization - INFO - Processed instance values shape: (32,)
2025-03-11 16:33:50,298 - visualization - INFO - First few values: [-0.02215335  0.01234292 -0.00238112]
2025-03-11 16:33:50,741 - training - INFO - 
Explaining instance 3976
2025-03-11 16:33:50,741 - training - INFO - True label: Deceased
2025-03-11 16:33:50,800 - training - INFO - Predicted probability of mortality: 0.331
2025-03-11 16:33:50,800 - training - INFO - Predicted class: Not Deceased
2025-03-11 16:33:50,800 - xai_model - INFO - Generating both explanation...
2025-03-11 16:33:51,577 - shap - INFO - num_full_subsets = 1
2025-03-11 16:33:51,578 - shap - INFO - remaining_weight_vector = array([0.17443519, 0.12030013, 0.09344742, 0.07752675, 0.06709046,
       0.05980635, 0.054511  , 0.05056092, 0.04757323, 0.04530784,
       0.0436088 , 0.04237292, 0.04153219, 0.04104357, 0.04088325])
2025-03-11 16:33:51,578 - shap - INFO - num_paired_subset_sizes = 15
2025-03-11 16:33:51,659 - shap - INFO - weight_left = 0.74368134682094
2025-03-11 16:33:57,454 - shap - INFO - np.sum(w_aug) = 32.0
2025-03-11 16:33:57,455 - shap - INFO - np.sum(self.kernelWeights) = 1.0
2025-03-11 16:33:57,511 - shap - INFO - phi = array([ 0.00324618, -0.07001188,  0.00195923,  0.        , -0.0355561 ,
        0.03369209,  0.00212908, -0.04144133,  0.05733942, -0.21153102,
        0.01095192,  0.00090946,  0.0009257 ,  0.00129937, -0.00038071,
        0.00129418,  0.00362571,  0.02376466, -0.00740331,  0.01229199,
        0.01138888, -0.00355491, -0.00212315, -0.00596885, -0.00281706,
       -0.00517892, -0.00111567,  0.0014236 ,  0.03087807, -0.00107942,
       -0.00056242, -0.00243408])
2025-03-11 16:33:57,512 - shap - INFO - np.sum(w_aug) = 32.0
2025-03-11 16:33:57,513 - shap - INFO - np.sum(self.kernelWeights) = 1.0
2025-03-11 16:33:57,565 - shap - INFO - phi = array([-0.00324618,  0.07001188, -0.00195923,  0.        ,  0.0355561 ,
       -0.03369209, -0.00212908,  0.04144133, -0.05733942,  0.21153102,
       -0.01095192, -0.00090946, -0.0009257 , -0.00129937,  0.00038071,
       -0.00129418, -0.00362571, -0.02376467,  0.00740331, -0.01229199,
       -0.01138888,  0.00355491,  0.00212315,  0.00596885,  0.00281706,
        0.00517892,  0.00111567, -0.0014236 , -0.03087807,  0.00107942,
        0.00056242,  0.00243408])
2025-03-11 16:33:57,572 - xai_model - INFO - Raw SHAP values type: <class 'list'>
2025-03-11 16:33:57,572 - xai_model - INFO - Raw expected_value type: <class 'numpy.ndarray'>
2025-03-11 16:33:57,572 - xai_model - INFO - Processed values shape: (1, 32)
2025-03-11 16:33:57,573 - xai_model - INFO - Number of features: 32
2025-03-11 16:33:57,573 - xai_model - INFO - Final expected_value: 0.1368855857802555
2025-03-11 16:33:57,573 - visualization - INFO - Visualizing LIME explanation...
2025-03-11 16:33:57,865 - visualization - INFO - Visualizing SHAP values...
2025-03-11 16:33:57,866 - visualization - INFO - Values shape: (1, 32)
2025-03-11 16:33:57,866 - visualization - INFO - Number of features: 32
2025-03-11 16:33:57,866 - visualization - INFO - Processed instance values shape: (32,)
2025-03-11 16:33:57,866 - visualization - INFO - First few values: [-0.00324618  0.07001188 -0.00195923]
2025-03-11 16:33:58,340 - training - INFO - Pipeline completed successfully
