2025-03-04 14:18:13,004 - federated_training - INFO - Loading and preprocessing data...
2025-03-04 14:18:13,006 - preprocessing - INFO - Memory usage: 416.70 MB
2025-03-04 14:18:13,007 - preprocessing - INFO - Starting preprocessing for task: mortality
2025-03-04 14:18:13,007 - preprocessing - INFO - Loading data with 40.0% sampling
2025-03-04 14:18:13,007 - preprocessing - INFO - Loading ADMISSIONS.csv
2025-03-04 14:18:14,817 - preprocessing - INFO - Loading PATIENTS.csv
2025-03-04 14:18:14,915 - preprocessing - INFO - Merging ADMISSIONS and PATIENTS
2025-03-04 14:18:41,617 - preprocessing - INFO - Original samples: 58976, Sampled: 23591
2025-03-04 14:18:41,617 - preprocessing - INFO - Original mortality rate: 0.099
2025-03-04 14:18:41,617 - preprocessing - INFO - Sampled mortality rate: 0.099
2025-03-04 14:18:41,617 - preprocessing - INFO - Loading LABEVENTS.csv in chunks
2025-03-04 14:18:49,223 - preprocessing - INFO - Processed 0 chunks, current total rows: 3085311
2025-03-04 14:18:49,224 - preprocessing - INFO - Memory usage: 745.48 MB
2025-03-04 14:19:04,723 - preprocessing - INFO - Finished loading LABEVENTS.csv. Final shape: (8934476, 4)
2025-03-04 14:19:05,413 - preprocessing - INFO - Loading CHARTEVENTS.csv in chunks
2025-03-04 14:19:14,667 - preprocessing - INFO - Processed 0 chunks, current total rows: 3974106
2025-03-04 14:19:14,667 - preprocessing - INFO - Memory usage: 969.28 MB
2025-03-04 14:20:45,942 - preprocessing - INFO - Processed 10 chunks, current total rows: 43763635
2025-03-04 14:20:45,942 - preprocessing - INFO - Memory usage: 1843.81 MB
2025-03-04 14:22:17,156 - preprocessing - INFO - Processed 20 chunks, current total rows: 83619008
2025-03-04 14:22:17,156 - preprocessing - INFO - Memory usage: 2642.22 MB
2025-03-04 14:23:39,678 - preprocessing - INFO - Processed 30 chunks, current total rows: 123597171
2025-03-04 14:23:39,678 - preprocessing - INFO - Memory usage: 3557.34 MB
2025-03-04 14:24:03,622 - preprocessing - INFO - Finished loading CHARTEVENTS.csv. Final shape: (132001086, 4)
2025-03-04 14:24:16,415 - preprocessing - INFO - Loading PROCEDURES_ICD.csv in chunks
2025-03-04 14:24:16,961 - preprocessing - INFO - Processed 0 chunks, current total rows: 96123
2025-03-04 14:24:16,961 - preprocessing - INFO - Memory usage: 3486.97 MB
2025-03-04 14:24:17,093 - preprocessing - INFO - Finished loading PROCEDURES_ICD.csv. Final shape: (96123, 5)
2025-03-04 14:24:17,315 - preprocessing - INFO - Loading DIAGNOSES_ICD.csv in chunks
2025-03-04 14:24:18,296 - preprocessing - INFO - Processed 0 chunks, current total rows: 260090
2025-03-04 14:24:18,297 - preprocessing - INFO - Memory usage: 3487.04 MB
2025-03-04 14:24:18,426 - preprocessing - INFO - Finished loading DIAGNOSES_ICD.csv. Final shape: (260090, 5)
2025-03-04 14:24:18,678 - preprocessing - INFO - Loading PRESCRIPTIONS.csv in chunks
2025-03-04 14:24:30,612 - preprocessing - INFO - Processed 0 chunks, current total rows: 1673494
2025-03-04 14:24:30,613 - preprocessing - INFO - Memory usage: 3937.03 MB
2025-03-04 14:24:31,054 - preprocessing - INFO - Finished loading PRESCRIPTIONS.csv. Final shape: (1673494, 19)
2025-03-04 14:24:54,878 - preprocessing - INFO - Data loading completed successfully
2025-03-04 14:24:54,888 - preprocessing - INFO - Extracting features
2025-03-04 14:24:54,888 - preprocessing - INFO - Converting ADMITTIME to datetime
2025-03-04 14:24:54,937 - preprocessing - INFO - Converting DISCHTIME to datetime
2025-03-04 14:24:54,955 - preprocessing - INFO - Converting DOB to datetime
2025-03-04 14:25:04,497 - preprocessing - INFO - Processing lab features
2025-03-04 14:25:07,347 - preprocessing - INFO - Processing vital signs
2025-03-04 14:25:08,978 - preprocessing - INFO - Processing procedures
2025-03-04 14:25:08,978 - preprocessing - INFO - Converting ICD9_CODE to string type
2025-03-04 14:25:10,635 - preprocessing - INFO - Processing diagnoses
2025-03-04 14:25:10,635 - preprocessing - INFO - Converting diagnoses ICD9_CODE to string type
2025-03-04 14:25:11,719 - preprocessing - INFO - Feature extraction completed. Shape: (23591, 38)
2025-03-04 14:25:12,036 - preprocessing - INFO - Memory usage: 1599.65 MB
2025-03-04 14:25:12,036 - federated_training - INFO - Full dataset shape: (18872, 32)
2025-03-04 14:25:12,036 - federated_training - INFO - Number of features: 32
2025-03-04 14:25:12,037 - federated_training - INFO - Model configuration:
2025-03-04 14:25:12,037 - federated_training - INFO - - input_dim: 32
2025-03-04 14:25:12,037 - federated_training - INFO - - hidden_sizes: [256, 128, 64]
2025-03-04 14:25:12,037 - federated_training - INFO - - dropout: 0.3
2025-03-04 14:25:12,037 - federated_training - INFO - - learning_rate: 0.001
2025-03-04 14:25:12,037 - federated_training - INFO - - l2_reg: 0.01
2025-03-04 14:25:12,037 - model_factory - INFO - Creating model with configuration:
2025-03-04 14:25:12,038 - model_factory - INFO - - hidden_sizes: [256, 128, 64]
2025-03-04 14:25:12,038 - model_factory - INFO - - dropout: 0.3
2025-03-04 14:25:12,038 - model_factory - INFO - - learning_rate: 0.001
2025-03-04 14:25:12,038 - model_factory - INFO - - l2_reg: 0.01
2025-03-04 14:25:12,038 - model_factory - INFO - - input_dim: 32
2025-03-04 14:25:33,348 - fed_server - INFO - Initialized federated server with fedavg aggregation
2025-03-04 14:25:33,348 - orchestrator - INFO - Initialized federated orchestrator
2025-03-04 14:25:33,388 - federated_training - INFO - Client 1 data shape: (10626, 32)
2025-03-04 14:25:33,390 - federated_training - INFO - Client 1 positive samples: 1047.0
2025-03-04 14:25:33,391 - federated_training - INFO - Client 2 data shape: (5350, 32)
2025-03-04 14:25:33,392 - federated_training - INFO - Client 2 positive samples: 536.0
2025-03-04 14:25:33,393 - federated_training - INFO - Client 3 data shape: (2896, 32)
2025-03-04 14:25:33,393 - federated_training - INFO - Client 3 positive samples: 291.0
2025-03-04 14:25:33,394 - fed_xai_model - INFO - Initializing Federated XAI Model...
2025-03-04 14:25:33,394 - model_factory - INFO - Creating model with configuration:
2025-03-04 14:25:33,394 - model_factory - INFO - - hidden_sizes: [256, 128, 64]
2025-03-04 14:25:33,394 - model_factory - INFO - - dropout: 0.3
2025-03-04 14:25:33,394 - model_factory - INFO - - learning_rate: 0.001
2025-03-04 14:25:33,395 - model_factory - INFO - - l2_reg: 0.01
2025-03-04 14:25:33,395 - model_factory - INFO - - input_dim: 32
2025-03-04 14:25:33,548 - fed_xai_model - INFO - Model initialized with 32 features
2025-03-04 14:25:33,548 - fed_client - INFO - Initialized client client_1
2025-03-04 14:25:33,548 - fed_server - INFO - Registered client client_1 with 10626 samples
2025-03-04 14:25:33,548 - orchestrator - INFO - Added client client_1 with 10626 samples
2025-03-04 14:25:33,549 - fed_xai_model - INFO - Initializing Federated XAI Model...
2025-03-04 14:25:33,549 - model_factory - INFO - Creating model with configuration:
2025-03-04 14:25:33,549 - model_factory - INFO - - hidden_sizes: [256, 128, 64]
2025-03-04 14:25:33,549 - model_factory - INFO - - dropout: 0.3
2025-03-04 14:25:33,549 - model_factory - INFO - - learning_rate: 0.001
2025-03-04 14:25:33,549 - model_factory - INFO - - l2_reg: 0.01
2025-03-04 14:25:33,549 - model_factory - INFO - - input_dim: 32
2025-03-04 14:25:33,666 - fed_xai_model - INFO - Model initialized with 32 features
2025-03-04 14:25:33,666 - fed_client - INFO - Initialized client client_2
2025-03-04 14:25:33,666 - fed_server - INFO - Registered client client_2 with 5350 samples
2025-03-04 14:25:33,666 - orchestrator - INFO - Added client client_2 with 5350 samples
2025-03-04 14:25:33,666 - fed_xai_model - INFO - Initializing Federated XAI Model...
2025-03-04 14:25:33,666 - model_factory - INFO - Creating model with configuration:
2025-03-04 14:25:33,666 - model_factory - INFO - - hidden_sizes: [256, 128, 64]
2025-03-04 14:25:33,666 - model_factory - INFO - - dropout: 0.3
2025-03-04 14:25:33,666 - model_factory - INFO - - learning_rate: 0.001
2025-03-04 14:25:33,666 - model_factory - INFO - - l2_reg: 0.01
2025-03-04 14:25:33,666 - model_factory - INFO - - input_dim: 32
2025-03-04 14:25:33,826 - fed_xai_model - INFO - Model initialized with 32 features
2025-03-04 14:25:33,826 - fed_client - INFO - Initialized client client_3
2025-03-04 14:25:33,826 - fed_server - INFO - Registered client client_3 with 2896 samples
2025-03-04 14:25:33,827 - orchestrator - INFO - Added client client_3 with 2896 samples
2025-03-04 14:25:33,827 - federated_training - INFO - Starting federated training...
2025-03-04 14:25:33,827 - orchestrator - INFO - Starting federated training for 10 rounds
2025-03-04 14:25:33,827 - orchestrator - INFO - Number of clients: 3
2025-03-04 14:25:33,827 - orchestrator - INFO - 
Starting round 1/10
2025-03-04 14:25:33,827 - orchestrator - INFO - Selected 2 clients for this round
2025-03-04 14:25:33,863 - fed_client - INFO - Client client_1 updated with global weights
2025-03-04 14:25:33,863 - fed_xai_model - INFO - Starting local training...
2025-03-04 14:25:34,404 - fed_xai_model - INFO - Class distribution: {0.0: 9579, 1.0: 1047}
2025-03-04 14:25:34,404 - fed_xai_model - INFO - Class weights: {0: 0.5546507986219856, 1: 5.074498567335244}
2025-03-04 14:26:16,457 - fed_xai_model - INFO - Local training completed
2025-03-04 14:26:20,933 - fed_client - INFO - Client client_1 completed local training
2025-03-04 14:26:24,632 - fed_client - INFO - Client client_1 evaluation metrics: {'accuracy': 0.7422360248447205, 'auc': 0.7500431988033358, 'client_id': 'client_1'}
2025-03-04 14:26:24,633 - fed_server - INFO - Updated metadata for client client_1
2025-03-04 14:26:24,633 - fed_server - INFO - New contribution score: 0.9250
2025-03-04 14:26:24,641 - fed_client - INFO - Client client_2 updated with global weights
2025-03-04 14:26:24,641 - fed_xai_model - INFO - Starting local training...
2025-03-04 14:26:24,642 - fed_xai_model - INFO - Class distribution: {0.0: 4814, 1.0: 536}
2025-03-04 14:26:24,642 - fed_xai_model - INFO - Class weights: {0: 0.5556709597008724, 1: 4.990671641791045}
2025-03-04 14:26:26,618 - fed_xai_model - INFO - Local training completed
2025-03-04 14:26:26,618 - fed_client - INFO - Client client_2 completed local training
2025-03-04 14:26:27,449 - fed_client - INFO - Client client_2 evaluation metrics: {'accuracy': 0.7629906542056075, 'auc': 0.7334825663952775, 'client_id': 'client_2'}
2025-03-04 14:26:27,449 - fed_server - INFO - Updated metadata for client client_2
2025-03-04 14:26:27,450 - fed_server - INFO - New contribution score: 0.9200
2025-03-04 14:26:27,450 - fed_server - INFO - Aggregating weights from 2 clients
2025-03-04 14:26:27,450 - fed_server - INFO - Successfully aggregated weights
2025-03-04 14:26:27,450 - fed_server - INFO - Number of weight tensors: 20
2025-03-04 14:26:27,457 - fed_server - INFO - Updated global model with aggregated weights
2025-03-04 14:26:27,458 - fed_server - INFO - Evaluating global model performance...
2025-03-04 14:26:29,450 - fed_server - INFO - Global model evaluation:
2025-03-04 14:26:29,450 - fed_server - INFO - Accuracy: 0.7932
2025-03-04 14:26:29,450 - fed_server - INFO - AUC: 0.7375
2025-03-04 14:26:29,450 - orchestrator - INFO - 
Round 1 Summary:
2025-03-04 14:26:29,451 - orchestrator - INFO - Duration: 55.62 seconds
2025-03-04 14:26:29,451 - orchestrator - INFO - 
Global Metrics:
2025-03-04 14:26:29,451 - orchestrator - INFO - - accuracy: 0.7932
2025-03-04 14:26:29,451 - orchestrator - INFO - - auc: 0.7375
2025-03-04 14:26:29,451 - orchestrator - INFO - 
Client Metrics:
2025-03-04 14:26:29,451 - orchestrator - INFO - 
Client client_1:
2025-03-04 14:26:29,451 - orchestrator - INFO - - accuracy: 0.7422
2025-03-04 14:26:29,451 - orchestrator - INFO - - auc: 0.7500
2025-03-04 14:26:29,451 - orchestrator - INFO - 
Client client_2:
2025-03-04 14:26:29,452 - orchestrator - INFO - - accuracy: 0.7630
2025-03-04 14:26:29,452 - orchestrator - INFO - - auc: 0.7335
2025-03-04 14:26:29,452 - orchestrator - INFO - 
Starting round 2/10
2025-03-04 14:26:29,452 - orchestrator - INFO - Selected 2 clients for this round
2025-03-04 14:26:29,461 - fed_client - INFO - Client client_3 updated with global weights
2025-03-04 14:26:29,461 - fed_xai_model - INFO - Starting local training...
2025-03-04 14:26:29,462 - fed_xai_model - INFO - Class distribution: {0.0: 2605, 1.0: 291}
2025-03-04 14:26:29,462 - fed_xai_model - INFO - Class weights: {0: 0.5558541266794625, 1: 4.975945017182131}
2025-03-04 14:26:32,030 - fed_xai_model - INFO - Local training completed
2025-03-04 14:26:32,031 - fed_client - INFO - Client client_3 completed local training
2025-03-04 14:26:32,611 - fed_client - INFO - Client client_3 evaluation metrics: {'accuracy': 0.8611878453038674, 'auc': 0.7670037134508709, 'client_id': 'client_3'}
2025-03-04 14:26:32,611 - fed_server - INFO - Updated metadata for client client_3
2025-03-04 14:26:32,611 - fed_server - INFO - New contribution score: 0.9301
2025-03-04 14:26:32,616 - fed_client - INFO - Client client_2 updated with global weights
2025-03-04 14:26:32,616 - fed_xai_model - INFO - Starting local training...
2025-03-04 14:26:32,616 - fed_xai_model - INFO - Class distribution: {0.0: 4814, 1.0: 536}
2025-03-04 14:26:32,617 - fed_xai_model - INFO - Class weights: {0: 0.5556709597008724, 1: 4.990671641791045}
2025-03-04 14:26:33,181 - fed_xai_model - INFO - Local training completed
2025-03-04 14:26:33,182 - fed_client - INFO - Client client_2 completed local training
2025-03-04 14:26:33,796 - fed_client - INFO - Client client_2 evaluation metrics: {'accuracy': 0.8164485981308411, 'auc': 0.7438429735411021, 'client_id': 'client_2'}
2025-03-04 14:26:33,796 - fed_server - INFO - Updated metadata for client client_2
2025-03-04 14:26:33,796 - fed_server - INFO - New contribution score: 0.8672
2025-03-04 14:26:33,796 - fed_server - INFO - Aggregating weights from 2 clients
2025-03-04 14:26:33,797 - fed_server - INFO - Successfully aggregated weights
2025-03-04 14:26:33,797 - fed_server - INFO - Number of weight tensors: 20
2025-03-04 14:26:33,803 - fed_server - INFO - Updated global model with aggregated weights
2025-03-04 14:26:33,803 - fed_server - INFO - Evaluating global model performance...
2025-03-04 14:26:34,057 - fed_server - INFO - Global model evaluation:
2025-03-04 14:26:34,057 - fed_server - INFO - Accuracy: 0.8462
2025-03-04 14:26:34,057 - fed_server - INFO - AUC: 0.7645
2025-03-04 14:26:34,058 - orchestrator - INFO - 
Round 2 Summary:
2025-03-04 14:26:34,058 - orchestrator - INFO - Duration: 4.61 seconds
2025-03-04 14:26:34,058 - orchestrator - INFO - 
Global Metrics:
2025-03-04 14:26:34,058 - orchestrator - INFO - - accuracy: 0.8462
2025-03-04 14:26:34,058 - orchestrator - INFO - - auc: 0.7645
2025-03-04 14:26:34,058 - orchestrator - INFO - 
Client Metrics:
2025-03-04 14:26:34,059 - orchestrator - INFO - 
Client client_3:
2025-03-04 14:26:34,059 - orchestrator - INFO - - accuracy: 0.8612
2025-03-04 14:26:34,059 - orchestrator - INFO - - auc: 0.7670
2025-03-04 14:26:34,059 - orchestrator - INFO - 
Client client_2:
2025-03-04 14:26:34,059 - orchestrator - INFO - - accuracy: 0.8164
2025-03-04 14:26:34,059 - orchestrator - INFO - - auc: 0.7438
2025-03-04 14:26:34,059 - orchestrator - INFO - 
Starting round 3/10
2025-03-04 14:26:34,060 - orchestrator - INFO - Selected 2 clients for this round
2025-03-04 14:26:34,070 - fed_client - INFO - Client client_2 updated with global weights
2025-03-04 14:26:34,070 - fed_xai_model - INFO - Starting local training...
2025-03-04 14:26:34,071 - fed_xai_model - INFO - Class distribution: {0.0: 4814, 1.0: 536}
2025-03-04 14:26:34,071 - fed_xai_model - INFO - Class weights: {0: 0.5556709597008724, 1: 4.990671641791045}
2025-03-04 14:26:34,601 - fed_xai_model - INFO - Local training completed
2025-03-04 14:26:34,601 - fed_client - INFO - Client client_2 completed local training
2025-03-04 14:26:35,193 - fed_client - INFO - Client client_2 evaluation metrics: {'accuracy': 0.7514018691588785, 'auc': 0.748666436202866, 'client_id': 'client_2'}
2025-03-04 14:26:35,193 - fed_server - INFO - Updated metadata for client client_2
2025-03-04 14:26:35,194 - fed_server - INFO - New contribution score: 0.8316
2025-03-04 14:26:35,201 - fed_client - INFO - Client client_1 updated with global weights
2025-03-04 14:26:35,201 - fed_xai_model - INFO - Starting local training...
2025-03-04 14:26:35,203 - fed_xai_model - INFO - Class distribution: {0.0: 9579, 1.0: 1047}
2025-03-04 14:26:35,203 - fed_xai_model - INFO - Class weights: {0: 0.5546507986219856, 1: 5.074498567335244}
2025-03-04 14:26:36,144 - fed_xai_model - INFO - Local training completed
2025-03-04 14:26:36,144 - fed_client - INFO - Client client_1 completed local training
2025-03-04 14:26:36,917 - fed_client - INFO - Client client_1 evaluation metrics: {'accuracy': 0.8175230566534915, 'auc': 0.7758878986815816, 'client_id': 'client_1'}
2025-03-04 14:26:36,918 - fed_server - INFO - Updated metadata for client client_1
2025-03-04 14:26:36,918 - fed_server - INFO - New contribution score: 0.8803
2025-03-04 14:26:36,918 - fed_server - INFO - Aggregating weights from 2 clients
2025-03-04 14:26:36,918 - fed_server - INFO - Successfully aggregated weights
2025-03-04 14:26:36,919 - fed_server - INFO - Number of weight tensors: 20
2025-03-04 14:26:36,928 - fed_server - INFO - Updated global model with aggregated weights
2025-03-04 14:26:36,928 - fed_server - INFO - Evaluating global model performance...
2025-03-04 14:26:37,281 - fed_server - INFO - Global model evaluation:
2025-03-04 14:26:37,281 - fed_server - INFO - Accuracy: 0.8392
2025-03-04 14:26:37,281 - fed_server - INFO - AUC: 0.7835
2025-03-04 14:26:37,282 - orchestrator - INFO - 
Round 3 Summary:
2025-03-04 14:26:37,282 - orchestrator - INFO - Duration: 3.22 seconds
2025-03-04 14:26:37,282 - orchestrator - INFO - 
Global Metrics:
2025-03-04 14:26:37,282 - orchestrator - INFO - - accuracy: 0.8392
2025-03-04 14:26:37,282 - orchestrator - INFO - - auc: 0.7835
2025-03-04 14:26:37,282 - orchestrator - INFO - 
Client Metrics:
2025-03-04 14:26:37,282 - orchestrator - INFO - 
Client client_2:
2025-03-04 14:26:37,282 - orchestrator - INFO - - accuracy: 0.7514
2025-03-04 14:26:37,282 - orchestrator - INFO - - auc: 0.7487
2025-03-04 14:26:37,282 - orchestrator - INFO - 
Client client_1:
2025-03-04 14:26:37,282 - orchestrator - INFO - - accuracy: 0.8175
2025-03-04 14:26:37,282 - orchestrator - INFO - - auc: 0.7759
2025-03-04 14:26:37,282 - orchestrator - INFO - 
Starting round 4/10
2025-03-04 14:26:37,283 - orchestrator - INFO - Selected 2 clients for this round
2025-03-04 14:26:37,289 - fed_client - INFO - Client client_3 updated with global weights
2025-03-04 14:26:37,289 - fed_xai_model - INFO - Starting local training...
2025-03-04 14:26:37,290 - fed_xai_model - INFO - Class distribution: {0.0: 2605, 1.0: 291}
2025-03-04 14:26:37,290 - fed_xai_model - INFO - Class weights: {0: 0.5558541266794625, 1: 4.975945017182131}
2025-03-04 14:26:37,719 - fed_xai_model - INFO - Local training completed
2025-03-04 14:26:37,719 - fed_client - INFO - Client client_3 completed local training
2025-03-04 14:26:38,191 - fed_client - INFO - Client client_3 evaluation metrics: {'accuracy': 0.8121546961325967, 'auc': 0.7735850301099525, 'client_id': 'client_3'}
2025-03-04 14:26:38,192 - fed_server - INFO - Updated metadata for client client_3
2025-03-04 14:26:38,192 - fed_server - INFO - New contribution score: 0.8831
2025-03-04 14:26:38,198 - fed_client - INFO - Client client_2 updated with global weights
2025-03-04 14:26:38,198 - fed_xai_model - INFO - Starting local training...
2025-03-04 14:26:38,199 - fed_xai_model - INFO - Class distribution: {0.0: 4814, 1.0: 536}
2025-03-04 14:26:38,199 - fed_xai_model - INFO - Class weights: {0: 0.5556709597008724, 1: 4.990671641791045}
2025-03-04 14:26:38,705 - fed_xai_model - INFO - Local training completed
2025-03-04 14:26:38,706 - fed_client - INFO - Client client_2 completed local training
2025-03-04 14:26:39,292 - fed_client - INFO - Client client_2 evaluation metrics: {'accuracy': 0.7065420560747664, 'auc': 0.726091964357688, 'client_id': 'client_2'}
2025-03-04 14:26:39,292 - fed_server - INFO - Updated metadata for client client_2
2025-03-04 14:26:39,292 - fed_server - INFO - New contribution score: 0.8000
2025-03-04 14:26:39,293 - fed_server - INFO - Aggregating weights from 2 clients
2025-03-04 14:26:39,293 - fed_server - INFO - Successfully aggregated weights
2025-03-04 14:26:39,293 - fed_server - INFO - Number of weight tensors: 20
2025-03-04 14:26:39,300 - fed_server - INFO - Updated global model with aggregated weights
2025-03-04 14:26:39,301 - fed_server - INFO - Evaluating global model performance...
2025-03-04 14:26:39,538 - fed_server - INFO - Global model evaluation:
2025-03-04 14:26:39,538 - fed_server - INFO - Accuracy: 0.7491
2025-03-04 14:26:39,538 - fed_server - INFO - AUC: 0.7681
2025-03-04 14:26:39,538 - orchestrator - INFO - 
Round 4 Summary:
2025-03-04 14:26:39,538 - orchestrator - INFO - Duration: 2.26 seconds
2025-03-04 14:26:39,538 - orchestrator - INFO - 
Global Metrics:
2025-03-04 14:26:39,538 - orchestrator - INFO - - accuracy: 0.7491
2025-03-04 14:26:39,538 - orchestrator - INFO - - auc: 0.7681
2025-03-04 14:26:39,538 - orchestrator - INFO - 
Client Metrics:
2025-03-04 14:26:39,538 - orchestrator - INFO - 
Client client_3:
2025-03-04 14:26:39,538 - orchestrator - INFO - - accuracy: 0.8122
2025-03-04 14:26:39,538 - orchestrator - INFO - - auc: 0.7736
2025-03-04 14:26:39,539 - orchestrator - INFO - 
Client client_2:
2025-03-04 14:26:39,539 - orchestrator - INFO - - accuracy: 0.7065
2025-03-04 14:26:39,539 - orchestrator - INFO - - auc: 0.7261
2025-03-04 14:26:39,539 - orchestrator - INFO - 
Starting round 5/10
2025-03-04 14:26:39,539 - orchestrator - INFO - Selected 2 clients for this round
2025-03-04 14:26:39,548 - fed_client - INFO - Client client_1 updated with global weights
2025-03-04 14:26:39,548 - fed_xai_model - INFO - Starting local training...
2025-03-04 14:26:39,549 - fed_xai_model - INFO - Class distribution: {0.0: 9579, 1.0: 1047}
2025-03-04 14:26:39,549 - fed_xai_model - INFO - Class weights: {0: 0.5546507986219856, 1: 5.074498567335244}
2025-03-04 14:26:40,380 - fed_xai_model - INFO - Local training completed
2025-03-04 14:26:40,381 - fed_client - INFO - Client client_1 completed local training
2025-03-04 14:26:41,240 - fed_client - INFO - Client client_1 evaluation metrics: {'accuracy': 0.8271221532091098, 'auc': 0.7614230548299253, 'client_id': 'client_1'}
2025-03-04 14:26:41,241 - fed_server - INFO - Updated metadata for client client_1
2025-03-04 14:26:41,241 - fed_server - INFO - New contribution score: 0.8446
2025-03-04 14:26:41,249 - fed_client - INFO - Client client_3 updated with global weights
2025-03-04 14:26:41,249 - fed_xai_model - INFO - Starting local training...
2025-03-04 14:26:41,250 - fed_xai_model - INFO - Class distribution: {0.0: 2605, 1.0: 291}
2025-03-04 14:26:41,250 - fed_xai_model - INFO - Class weights: {0: 0.5558541266794625, 1: 4.975945017182131}
2025-03-04 14:26:41,668 - fed_xai_model - INFO - Local training completed
2025-03-04 14:26:41,669 - fed_client - INFO - Client client_3 completed local training
2025-03-04 14:26:42,061 - fed_client - INFO - Client client_3 evaluation metrics: {'accuracy': 0.775207182320442, 'auc': 0.7607086557044013, 'client_id': 'client_3'}
2025-03-04 14:26:42,061 - fed_server - INFO - Updated metadata for client client_3
2025-03-04 14:26:42,061 - fed_server - INFO - New contribution score: 0.8464
2025-03-04 14:26:42,061 - fed_server - INFO - Aggregating weights from 2 clients
2025-03-04 14:26:42,062 - fed_server - INFO - Successfully aggregated weights
2025-03-04 14:26:42,062 - fed_server - INFO - Number of weight tensors: 20
2025-03-04 14:26:42,068 - fed_server - INFO - Updated global model with aggregated weights
2025-03-04 14:26:42,068 - fed_server - INFO - Evaluating global model performance...
2025-03-04 14:26:42,278 - fed_server - INFO - Global model evaluation:
2025-03-04 14:26:42,278 - fed_server - INFO - Accuracy: 0.8260
2025-03-04 14:26:42,278 - fed_server - INFO - AUC: 0.7710
2025-03-04 14:26:42,279 - orchestrator - INFO - 
Round 5 Summary:
2025-03-04 14:26:42,279 - orchestrator - INFO - Duration: 2.74 seconds
2025-03-04 14:26:42,279 - orchestrator - INFO - 
Global Metrics:
2025-03-04 14:26:42,279 - orchestrator - INFO - - accuracy: 0.8260
2025-03-04 14:26:42,279 - orchestrator - INFO - - auc: 0.7710
2025-03-04 14:26:42,279 - orchestrator - INFO - 
Client Metrics:
2025-03-04 14:26:42,279 - orchestrator - INFO - 
Client client_1:
2025-03-04 14:26:42,279 - orchestrator - INFO - - accuracy: 0.8271
2025-03-04 14:26:42,279 - orchestrator - INFO - - auc: 0.7614
2025-03-04 14:26:42,279 - orchestrator - INFO - 
Client client_3:
2025-03-04 14:26:42,279 - orchestrator - INFO - - accuracy: 0.7752
2025-03-04 14:26:42,279 - orchestrator - INFO - - auc: 0.7607
2025-03-04 14:26:42,279 - orchestrator - INFO - 
Starting round 6/10
2025-03-04 14:26:42,280 - orchestrator - INFO - Selected 2 clients for this round
2025-03-04 14:26:42,285 - fed_client - INFO - Client client_3 updated with global weights
2025-03-04 14:26:42,285 - fed_xai_model - INFO - Starting local training...
2025-03-04 14:26:42,286 - fed_xai_model - INFO - Class distribution: {0.0: 2605, 1.0: 291}
2025-03-04 14:26:42,286 - fed_xai_model - INFO - Class weights: {0: 0.5558541266794625, 1: 4.975945017182131}
2025-03-04 14:26:42,714 - fed_xai_model - INFO - Local training completed
2025-03-04 14:26:42,714 - fed_client - INFO - Client client_3 completed local training
2025-03-04 14:26:43,160 - fed_client - INFO - Client client_3 evaluation metrics: {'accuracy': 0.8259668508287292, 'auc': 0.7467241822822881, 'client_id': 'client_3'}
2025-03-04 14:26:43,160 - fed_server - INFO - Updated metadata for client client_3
2025-03-04 14:26:43,160 - fed_server - INFO - New contribution score: 0.8165
2025-03-04 14:26:43,165 - fed_client - INFO - Client client_2 updated with global weights
2025-03-04 14:26:43,165 - fed_xai_model - INFO - Starting local training...
2025-03-04 14:26:43,166 - fed_xai_model - INFO - Class distribution: {0.0: 4814, 1.0: 536}
2025-03-04 14:26:43,166 - fed_xai_model - INFO - Class weights: {0: 0.5556709597008724, 1: 4.990671641791045}
2025-03-04 14:26:43,676 - fed_xai_model - INFO - Local training completed
2025-03-04 14:26:43,676 - fed_client - INFO - Client client_2 completed local training
2025-03-04 14:26:44,202 - fed_client - INFO - Client client_2 evaluation metrics: {'accuracy': 0.8652336448598131, 'auc': 0.7650168352256168, 'client_id': 'client_2'}
2025-03-04 14:26:44,202 - fed_server - INFO - Updated metadata for client client_2
2025-03-04 14:26:44,202 - fed_server - INFO - New contribution score: 0.7895
2025-03-04 14:26:44,203 - fed_server - INFO - Aggregating weights from 2 clients
2025-03-04 14:26:44,203 - fed_server - INFO - Successfully aggregated weights
2025-03-04 14:26:44,203 - fed_server - INFO - Number of weight tensors: 20
2025-03-04 14:26:44,208 - fed_server - INFO - Updated global model with aggregated weights
2025-03-04 14:26:44,208 - fed_server - INFO - Evaluating global model performance...
2025-03-04 14:26:44,459 - fed_server - INFO - Global model evaluation:
2025-03-04 14:26:44,460 - fed_server - INFO - Accuracy: 0.8695
2025-03-04 14:26:44,460 - fed_server - INFO - AUC: 0.7767
2025-03-04 14:26:44,460 - orchestrator - INFO - 
Round 6 Summary:
2025-03-04 14:26:44,460 - orchestrator - INFO - Duration: 2.18 seconds
2025-03-04 14:26:44,460 - orchestrator - INFO - 
Global Metrics:
2025-03-04 14:26:44,460 - orchestrator - INFO - - accuracy: 0.8695
2025-03-04 14:26:44,460 - orchestrator - INFO - - auc: 0.7767
2025-03-04 14:26:44,460 - orchestrator - INFO - 
Client Metrics:
2025-03-04 14:26:44,460 - orchestrator - INFO - 
Client client_3:
2025-03-04 14:26:44,460 - orchestrator - INFO - - accuracy: 0.8260
2025-03-04 14:26:44,460 - orchestrator - INFO - - auc: 0.7467
2025-03-04 14:26:44,460 - orchestrator - INFO - 
Client client_2:
2025-03-04 14:26:44,460 - orchestrator - INFO - - accuracy: 0.8652
2025-03-04 14:26:44,460 - orchestrator - INFO - - auc: 0.7650
2025-03-04 14:26:44,460 - orchestrator - INFO - 
Starting round 7/10
2025-03-04 14:26:44,461 - orchestrator - INFO - Selected 2 clients for this round
2025-03-04 14:26:44,472 - fed_client - INFO - Client client_3 updated with global weights
2025-03-04 14:26:44,472 - fed_xai_model - INFO - Starting local training...
2025-03-04 14:26:44,473 - fed_xai_model - INFO - Class distribution: {0.0: 2605, 1.0: 291}
2025-03-04 14:26:44,473 - fed_xai_model - INFO - Class weights: {0: 0.5558541266794625, 1: 4.975945017182131}
2025-03-04 14:26:44,896 - fed_xai_model - INFO - Local training completed
2025-03-04 14:26:44,896 - fed_client - INFO - Client client_3 completed local training
2025-03-04 14:26:45,369 - fed_client - INFO - Client client_3 evaluation metrics: {'accuracy': 0.8660220994475138, 'auc': 0.7864600853500077, 'client_id': 'client_3'}
2025-03-04 14:26:45,369 - fed_server - INFO - Updated metadata for client client_3
2025-03-04 14:26:45,369 - fed_server - INFO - New contribution score: 0.8075
2025-03-04 14:26:45,374 - fed_client - INFO - Client client_1 updated with global weights
2025-03-04 14:26:45,374 - fed_xai_model - INFO - Starting local training...
2025-03-04 14:26:45,375 - fed_xai_model - INFO - Class distribution: {0.0: 9579, 1.0: 1047}
2025-03-04 14:26:45,375 - fed_xai_model - INFO - Class weights: {0: 0.5546507986219856, 1: 5.074498567335244}
2025-03-04 14:26:46,247 - fed_xai_model - INFO - Local training completed
2025-03-04 14:26:46,247 - fed_client - INFO - Client client_1 completed local training
2025-03-04 14:26:47,016 - fed_client - INFO - Client client_1 evaluation metrics: {'accuracy': 0.5099755317146621, 'auc': 0.7766622366081966, 'client_id': 'client_1'}
2025-03-04 14:26:47,016 - fed_server - INFO - Updated metadata for client client_1
2025-03-04 14:26:47,017 - fed_server - INFO - New contribution score: 0.8242
2025-03-04 14:26:47,017 - fed_server - INFO - Aggregating weights from 2 clients
2025-03-04 14:26:47,018 - fed_server - INFO - Successfully aggregated weights
2025-03-04 14:26:47,018 - fed_server - INFO - Number of weight tensors: 20
2025-03-04 14:26:47,029 - fed_server - INFO - Updated global model with aggregated weights
2025-03-04 14:26:47,030 - fed_server - INFO - Evaluating global model performance...
2025-03-04 14:26:47,345 - fed_server - INFO - Global model evaluation:
2025-03-04 14:26:47,345 - fed_server - INFO - Accuracy: 0.7449
2025-03-04 14:26:47,345 - fed_server - INFO - AUC: 0.7890
2025-03-04 14:26:47,345 - orchestrator - INFO - 
Round 7 Summary:
2025-03-04 14:26:47,345 - orchestrator - INFO - Duration: 2.88 seconds
2025-03-04 14:26:47,345 - orchestrator - INFO - 
Global Metrics:
2025-03-04 14:26:47,345 - orchestrator - INFO - - accuracy: 0.7449
2025-03-04 14:26:47,346 - orchestrator - INFO - - auc: 0.7890
2025-03-04 14:26:47,346 - orchestrator - INFO - 
Client Metrics:
2025-03-04 14:26:47,346 - orchestrator - INFO - 
Client client_3:
2025-03-04 14:26:47,346 - orchestrator - INFO - - accuracy: 0.8660
2025-03-04 14:26:47,346 - orchestrator - INFO - - auc: 0.7865
2025-03-04 14:26:47,346 - orchestrator - INFO - 
Client client_1:
2025-03-04 14:26:47,346 - orchestrator - INFO - - accuracy: 0.5100
2025-03-04 14:26:47,346 - orchestrator - INFO - - auc: 0.7767
2025-03-04 14:26:47,346 - orchestrator - INFO - 
Starting round 8/10
2025-03-04 14:26:47,347 - orchestrator - INFO - Selected 2 clients for this round
2025-03-04 14:26:47,356 - fed_client - INFO - Client client_3 updated with global weights
2025-03-04 14:26:47,356 - fed_xai_model - INFO - Starting local training...
2025-03-04 14:26:47,356 - fed_xai_model - INFO - Class distribution: {0.0: 2605, 1.0: 291}
2025-03-04 14:26:47,357 - fed_xai_model - INFO - Class weights: {0: 0.5558541266794625, 1: 4.975945017182131}
2025-03-04 14:26:47,738 - fed_xai_model - INFO - Local training completed
2025-03-04 14:26:47,738 - fed_client - INFO - Client client_3 completed local training
2025-03-04 14:26:48,208 - fed_client - INFO - Client client_3 evaluation metrics: {'accuracy': 0.8121546961325967, 'auc': 0.7811570400564603, 'client_id': 'client_3'}
2025-03-04 14:26:48,209 - fed_server - INFO - Updated metadata for client client_3
2025-03-04 14:26:48,209 - fed_server - INFO - New contribution score: 0.7996
2025-03-04 14:26:48,214 - fed_client - INFO - Client client_1 updated with global weights
2025-03-04 14:26:48,215 - fed_xai_model - INFO - Starting local training...
2025-03-04 14:26:48,216 - fed_xai_model - INFO - Class distribution: {0.0: 9579, 1.0: 1047}
2025-03-04 14:26:48,216 - fed_xai_model - INFO - Class weights: {0: 0.5546507986219856, 1: 5.074498567335244}
2025-03-04 14:26:49,069 - fed_xai_model - INFO - Local training completed
2025-03-04 14:26:49,069 - fed_client - INFO - Client client_1 completed local training
2025-03-04 14:26:49,815 - fed_client - INFO - Client client_1 evaluation metrics: {'accuracy': 0.6125541125541125, 'auc': 0.8278729347955817, 'client_id': 'client_1'}
2025-03-04 14:26:49,816 - fed_server - INFO - Updated metadata for client client_1
2025-03-04 14:26:49,816 - fed_server - INFO - New contribution score: 0.8253
2025-03-04 14:26:49,816 - fed_server - INFO - Aggregating weights from 2 clients
2025-03-04 14:26:49,816 - fed_server - INFO - Successfully aggregated weights
2025-03-04 14:26:49,817 - fed_server - INFO - Number of weight tensors: 20
2025-03-04 14:26:49,825 - fed_server - INFO - Updated global model with aggregated weights
2025-03-04 14:26:49,826 - fed_server - INFO - Evaluating global model performance...
2025-03-04 14:26:50,250 - fed_server - INFO - Global model evaluation:
2025-03-04 14:26:50,251 - fed_server - INFO - Accuracy: 0.7669
2025-03-04 14:26:50,251 - fed_server - INFO - AUC: 0.8025
2025-03-04 14:26:50,251 - orchestrator - INFO - 
Round 8 Summary:
2025-03-04 14:26:50,251 - orchestrator - INFO - Duration: 2.90 seconds
2025-03-04 14:26:50,251 - orchestrator - INFO - 
Global Metrics:
2025-03-04 14:26:50,251 - orchestrator - INFO - - accuracy: 0.7669
2025-03-04 14:26:50,251 - orchestrator - INFO - - auc: 0.8025
2025-03-04 14:26:50,251 - orchestrator - INFO - 
Client Metrics:
2025-03-04 14:26:50,252 - orchestrator - INFO - 
Client client_3:
2025-03-04 14:26:50,252 - orchestrator - INFO - - accuracy: 0.8122
2025-03-04 14:26:50,252 - orchestrator - INFO - - auc: 0.7812
2025-03-04 14:26:50,252 - orchestrator - INFO - 
Client client_1:
2025-03-04 14:26:50,252 - orchestrator - INFO - - accuracy: 0.6126
2025-03-04 14:26:50,252 - orchestrator - INFO - - auc: 0.8279
2025-03-04 14:26:50,252 - orchestrator - INFO - 
Starting round 9/10
2025-03-04 14:26:50,252 - orchestrator - INFO - Selected 2 clients for this round
2025-03-04 14:26:50,262 - fed_client - INFO - Client client_1 updated with global weights
2025-03-04 14:26:50,263 - fed_xai_model - INFO - Starting local training...
2025-03-04 14:26:50,264 - fed_xai_model - INFO - Class distribution: {0.0: 9579, 1.0: 1047}
2025-03-04 14:26:50,264 - fed_xai_model - INFO - Class weights: {0: 0.5546507986219856, 1: 5.074498567335244}
2025-03-04 14:26:51,047 - fed_xai_model - INFO - Local training completed
2025-03-04 14:26:51,047 - fed_client - INFO - Client client_1 completed local training
2025-03-04 14:26:52,011 - fed_client - INFO - Client client_1 evaluation metrics: {'accuracy': 0.8177112742330134, 'auc': 0.8411445145297043, 'client_id': 'client_1'}
2025-03-04 14:26:52,012 - fed_server - INFO - Updated metadata for client client_1
2025-03-04 14:26:52,012 - fed_server - INFO - New contribution score: 0.8301
2025-03-04 14:26:52,016 - fed_client - INFO - Client client_3 updated with global weights
2025-03-04 14:26:52,017 - fed_xai_model - INFO - Starting local training...
2025-03-04 14:26:52,017 - fed_xai_model - INFO - Class distribution: {0.0: 2605, 1.0: 291}
2025-03-04 14:26:52,017 - fed_xai_model - INFO - Class weights: {0: 0.5558541266794625, 1: 4.975945017182131}
2025-03-04 14:26:52,347 - fed_xai_model - INFO - Local training completed
2025-03-04 14:26:52,347 - fed_client - INFO - Client client_3 completed local training
2025-03-04 14:26:52,869 - fed_client - INFO - Client client_3 evaluation metrics: {'accuracy': 0.6868093922651933, 'auc': 0.7693214872271801, 'client_id': 'client_3'}
2025-03-04 14:26:52,870 - fed_server - INFO - Updated metadata for client client_3
2025-03-04 14:26:52,870 - fed_server - INFO - New contribution score: 0.7905
2025-03-04 14:26:52,870 - fed_server - INFO - Aggregating weights from 2 clients
2025-03-04 14:26:52,871 - fed_server - INFO - Successfully aggregated weights
2025-03-04 14:26:52,871 - fed_server - INFO - Number of weight tensors: 20
2025-03-04 14:26:52,884 - fed_server - INFO - Updated global model with aggregated weights
2025-03-04 14:26:52,885 - fed_server - INFO - Evaluating global model performance...
2025-03-04 14:26:53,305 - fed_server - INFO - Global model evaluation:
2025-03-04 14:26:53,305 - fed_server - INFO - Accuracy: 0.8498
2025-03-04 14:26:53,306 - fed_server - INFO - AUC: 0.8037
2025-03-04 14:26:53,306 - orchestrator - INFO - 
Round 9 Summary:
2025-03-04 14:26:53,306 - orchestrator - INFO - Duration: 3.05 seconds
2025-03-04 14:26:53,306 - orchestrator - INFO - 
Global Metrics:
2025-03-04 14:26:53,306 - orchestrator - INFO - - accuracy: 0.8498
2025-03-04 14:26:53,306 - orchestrator - INFO - - auc: 0.8037
2025-03-04 14:26:53,307 - orchestrator - INFO - 
Client Metrics:
2025-03-04 14:26:53,307 - orchestrator - INFO - 
Client client_1:
2025-03-04 14:26:53,307 - orchestrator - INFO - - accuracy: 0.8177
2025-03-04 14:26:53,307 - orchestrator - INFO - - auc: 0.8411
2025-03-04 14:26:53,307 - orchestrator - INFO - 
Client client_3:
2025-03-04 14:26:53,307 - orchestrator - INFO - - accuracy: 0.6868
2025-03-04 14:26:53,308 - orchestrator - INFO - - auc: 0.7693
2025-03-04 14:26:53,308 - orchestrator - INFO - 
Starting round 10/10
2025-03-04 14:26:53,308 - orchestrator - INFO - Selected 2 clients for this round
2025-03-04 14:26:53,321 - fed_client - INFO - Client client_1 updated with global weights
2025-03-04 14:26:53,321 - fed_xai_model - INFO - Starting local training...
2025-03-04 14:26:53,324 - fed_xai_model - INFO - Class distribution: {0.0: 9579, 1.0: 1047}
2025-03-04 14:26:53,324 - fed_xai_model - INFO - Class weights: {0: 0.5546507986219856, 1: 5.074498567335244}
2025-03-04 14:26:54,102 - fed_xai_model - INFO - Local training completed
2025-03-04 14:26:54,102 - fed_client - INFO - Client client_1 completed local training
2025-03-04 14:26:55,010 - fed_client - INFO - Client client_1 evaluation metrics: {'accuracy': 0.7262375305853567, 'auc': 0.8211627372955385, 'client_id': 'client_1'}
2025-03-04 14:26:55,010 - fed_server - INFO - Updated metadata for client client_1
2025-03-04 14:26:55,011 - fed_server - INFO - New contribution score: 0.8274
2025-03-04 14:26:55,016 - fed_client - INFO - Client client_2 updated with global weights
2025-03-04 14:26:55,016 - fed_xai_model - INFO - Starting local training...
2025-03-04 14:26:55,016 - fed_xai_model - INFO - Class distribution: {0.0: 4814, 1.0: 536}
2025-03-04 14:26:55,017 - fed_xai_model - INFO - Class weights: {0: 0.5556709597008724, 1: 4.990671641791045}
2025-03-04 14:26:55,518 - fed_xai_model - INFO - Local training completed
2025-03-04 14:26:55,518 - fed_client - INFO - Client client_2 completed local training
2025-03-04 14:26:56,168 - fed_client - INFO - Client client_2 evaluation metrics: {'accuracy': 0.3319626168224299, 'auc': 0.6796013182942785, 'client_id': 'client_2'}
2025-03-04 14:26:56,168 - fed_server - INFO - Updated metadata for client client_2
2025-03-04 14:26:56,169 - fed_server - INFO - New contribution score: 0.7565
2025-03-04 14:26:56,169 - fed_server - INFO - Aggregating weights from 2 clients
2025-03-04 14:26:56,170 - fed_server - INFO - Successfully aggregated weights
2025-03-04 14:26:56,170 - fed_server - INFO - Number of weight tensors: 20
2025-03-04 14:26:56,180 - fed_server - INFO - Updated global model with aggregated weights
2025-03-04 14:26:56,180 - fed_server - INFO - Evaluating global model performance...
2025-03-04 14:26:56,493 - fed_server - INFO - Global model evaluation:
2025-03-04 14:26:56,493 - fed_server - INFO - Accuracy: 0.8019
2025-03-04 14:26:56,493 - fed_server - INFO - AUC: 0.7955
2025-03-04 14:26:56,493 - orchestrator - INFO - 
Round 10 Summary:
2025-03-04 14:26:56,493 - orchestrator - INFO - Duration: 3.19 seconds
2025-03-04 14:26:56,493 - orchestrator - INFO - 
Global Metrics:
2025-03-04 14:26:56,494 - orchestrator - INFO - - accuracy: 0.8019
2025-03-04 14:26:56,494 - orchestrator - INFO - - auc: 0.7955
2025-03-04 14:26:56,494 - orchestrator - INFO - 
Client Metrics:
2025-03-04 14:26:56,494 - orchestrator - INFO - 
Client client_1:
2025-03-04 14:26:56,494 - orchestrator - INFO - - accuracy: 0.7262
2025-03-04 14:26:56,494 - orchestrator - INFO - - auc: 0.8212
2025-03-04 14:26:56,495 - orchestrator - INFO - 
Client client_2:
2025-03-04 14:26:56,495 - orchestrator - INFO - - accuracy: 0.3320
2025-03-04 14:26:56,495 - orchestrator - INFO - - auc: 0.6796
2025-03-04 14:26:56,495 - fed_visualization - INFO - Creating and saving training plots...
2025-03-04 14:27:09,765 - fed_visualization - INFO - Training plots saved to /home/ashishlal.bhu/Code/xai-mimic-workspace/results/training_progress_20250304_142656.png
2025-03-04 14:27:09,767 - fed_visualization - INFO - Creating and saving client contribution plots...
2025-03-04 14:27:20,613 - fed_visualization - INFO - Client contribution plots saved to /home/ashishlal.bhu/Code/xai-mimic-workspace/results/client_contributions_20250304_142709.png
2025-03-04 14:27:20,614 - orchestrator - INFO - Federated training completed
2025-03-04 14:27:20,614 - federated_training - INFO - 
Training Summary:
2025-03-04 14:27:20,614 - federated_training - INFO - Number of rounds: 10
2025-03-04 14:27:20,614 - federated_training - INFO - Number of clients: 3
2025-03-04 14:27:20,614 - federated_training - INFO - Training completed successfully
